# JRE version: OpenJDK Runtime Environment (8.0_112-b05) (build 1.8.0_112-release-b05)
# Java VM: OpenJDK 64-Bit Server VM (25.112-b05 mixed mode bsd-amd64 compressed oops)
Heap:
 PSYoungGen      total 288256K, used 26084K [0x00000007a0000000, 0x00000007b6a00000, 0x00000007c0000000)
  eden space 262144K, 0% used [0x00000007a0000000,0x00000007a0000000,0x00000007b0000000)
  from space 26112K, 99% used [0x00000007b2a00000,0x00000007b4379238,0x00000007b4380000)
  to   space 43008K, 0% used [0x00000007b0000000,0x00000007b0000000,0x00000007b2a00000)
 ParOldGen       total 106496K, used 99232K [0x0000000760000000, 0x0000000766800000, 0x00000007a0000000)
  object space 106496K, 93% used [0x0000000760000000,0x00000007660e82b0,0x0000000766800000)
 Metaspace       used 63410K, capacity 65114K, committed 65408K, reserved 1105920K
  class space    used 8155K, capacity 8491K, committed 8576K, reserved 1048576K
GC Heap History (10 events):
Event: 40.374 GC heap after
Heap after GC invocations=21 (full 3):
 PSYoungGen      total 185856K, used 9045K [0x00000007a0000000, 0x00000007ad280000, 0x00000007c0000000)
  eden space 176640K, 0% used [0x00000007a0000000,0x00000007a0000000,0x00000007aac80000)
  from space 9216K, 98% used [0x00000007ac980000,0x00000007ad2554a0,0x00000007ad280000)
  to   space 19456K, 0% used [0x00000007aac80000,0x00000007aac80000,0x00000007abf80000)
 ParOldGen       total 106496K, used 46917K [0x0000000760000000, 0x0000000766800000, 0x00000007a0000000)
  object space 106496K, 44% used [0x0000000760000000,0x0000000762dd1588,0x0000000766800000)
 Metaspace       used 58989K, capacity 60640K, committed 60800K, reserved 1101824K
  class space    used 7698K, capacity 8040K, committed 8064K, reserved 1048576K
}
Event: 40.508 GC heap before
{Heap before GC invocations=22 (full 3):
 PSYoungGen      total 185856K, used 184897K [0x00000007a0000000, 0x00000007ad280000, 0x00000007c0000000)
  eden space 176640K, 99% used [0x00000007a0000000,0x00000007aabbb0b8,0x00000007aac80000)
  from space 9216K, 98% used [0x00000007ac980000,0x00000007ad2554a0,0x00000007ad280000)
  to   space 19456K, 0% used [0x00000007aac80000,0x00000007aac80000,0x00000007abf80000)
 ParOldGen       total 106496K, used 46917K [0x0000000760000000, 0x0000000766800000, 0x00000007a0000000)
  object space 106496K, 44% used [0x0000000760000000,0x0000000762dd1588,0x0000000766800000)
 Metaspace       used 58993K, capacity 60640K, committed 60800K, reserved 1101824K
  class space    used 7698K, capacity 8040K, committed 8064K, reserved 1048576K
Event: 40.532 GC heap after
Heap after GC invocations=22 (full 3):
 PSYoungGen      total 196096K, used 6784K [0x00000007a0000000, 0x00000007b0280000, 0x00000007c0000000)
  eden space 176640K, 0% used [0x00000007a0000000,0x00000007a0000000,0x00000007aac80000)
  from space 19456K, 34% used [0x00000007aac80000,0x00000007ab320080,0x00000007abf80000)
  to   space 18944K, 0% used [0x00000007af000000,0x00000007af000000,0x00000007b0280000)
 ParOldGen       total 106496K, used 46925K [0x0000000760000000, 0x0000000766800000, 0x00000007a0000000)
  object space 106496K, 44% used [0x0000000760000000,0x0000000762dd3588,0x0000000766800000)
 Metaspace       used 58993K, capacity 60640K, committed 60800K, reserved 1101824K
  class space    used 7698K, capacity 8040K, committed 8064K, reserved 1048576K
}
Event: 42.679 GC heap before
{Heap before GC invocations=23 (full 3):
 PSYoungGen      total 196096K, used 183424K [0x00000007a0000000, 0x00000007b0280000, 0x00000007c0000000)
  eden space 176640K, 100% used [0x00000007a0000000,0x00000007aac80000,0x00000007aac80000)
  from space 19456K, 34% used [0x00000007aac80000,0x00000007ab320080,0x00000007abf80000)
  to   space 18944K, 0% used [0x00000007af000000,0x00000007af000000,0x00000007b0280000)
 ParOldGen       total 106496K, used 46925K [0x0000000760000000, 0x0000000766800000, 0x00000007a0000000)
  object space 106496K, 44% used [0x0000000760000000,0x0000000762dd3588,0x0000000766800000)
 Metaspace       used 60677K, capacity 62418K, committed 62592K, reserved 1103872K
  class space    used 7900K, capacity 8257K, committed 8320K, reserved 1048576K
Event: 42.699 GC heap after
Heap after GC invocations=23 (full 3):
 PSYoungGen      total 238592K, used 3235K [0x00000007a0000000, 0x00000007aff00000, 0x00000007c0000000)
  eden space 223232K, 0% used [0x00000007a0000000,0x00000007a0000000,0x00000007ada00000)
  from space 15360K, 21% used [0x00000007af000000,0x00000007af328db0,0x00000007aff00000)
  to   space 18944K, 0% used [0x00000007ada00000,0x00000007ada00000,0x00000007aec80000)
 ParOldGen       total 106496K, used 52745K [0x0000000760000000, 0x0000000766800000, 0x00000007a0000000)
  object space 106496K, 49% used [0x0000000760000000,0x00000007633825c8,0x0000000766800000)
 Metaspace       used 60677K, capacity 62418K, committed 62592K, reserved 1103872K
  class space    used 7900K, capacity 8257K, committed 8320K, reserved 1048576K
}
Event: 46.149 GC heap before
{Heap before GC invocations=24 (full 3):
 PSYoungGen      total 238592K, used 226467K [0x00000007a0000000, 0x00000007aff00000, 0x00000007c0000000)
  eden space 223232K, 100% used [0x00000007a0000000,0x00000007ada00000,0x00000007ada00000)
  from space 15360K, 21% used [0x00000007af000000,0x00000007af328db0,0x00000007aff00000)
  to   space 18944K, 0% used [0x00000007ada00000,0x00000007ada00000,0x00000007aec80000)
 ParOldGen       total 106496K, used 52745K [0x0000000760000000, 0x0000000766800000, 0x00000007a0000000)
  object space 106496K, 49% used [0x0000000760000000,0x00000007633825c8,0x0000000766800000)
 Metaspace       used 63228K, capacity 64922K, committed 65152K, reserved 1105920K
  class space    used 8154K, capacity 8491K, committed 8576K, reserved 1048576K
Event: 46.205 GC heap after
Heap after GC invocations=24 (full 3):
 PSYoungGen      total 242176K, used 18938K [0x00000007a0000000, 0x00000007b4380000, 0x00000007c0000000)
  eden space 223232K, 0% used [0x00000007a0000000,0x00000007a0000000,0x00000007ada00000)
  from space 18944K, 99% used [0x00000007ada00000,0x00000007aec7e970,0x00000007aec80000)
  to   space 26112K, 0% used [0x00000007b2a00000,0x00000007b2a00000,0x00000007b4380000)
 ParOldGen       total 106496K, used 64739K [0x0000000760000000, 0x0000000766800000, 0x00000007a0000000)
  object space 106496K, 60% used [0x0000000760000000,0x0000000763f38eb0,0x0000000766800000)
 Metaspace       used 63228K, capacity 64922K, committed 65152K, reserved 1105920K
  class space    used 8154K, capacity 8491K, committed 8576K, reserved 1048576K
}
Event: 47.553 GC heap before
{Heap before GC invocations=25 (full 3):
 PSYoungGen      total 242176K, used 242170K [0x00000007a0000000, 0x00000007b4380000, 0x00000007c0000000)
  eden space 223232K, 100% used [0x00000007a0000000,0x00000007ada00000,0x00000007ada00000)
  from space 18944K, 99% used [0x00000007ada00000,0x00000007aec7e970,0x00000007aec80000)
  to   space 26112K, 0% used [0x00000007b2a00000,0x00000007b2a00000,0x00000007b4380000)
 ParOldGen       total 106496K, used 64739K [0x0000000760000000, 0x0000000766800000, 0x00000007a0000000)
  object space 106496K, 60% used [0x0000000760000000,0x0000000763f38eb0,0x0000000766800000)
 Metaspace       used 63410K, capacity 65114K, committed 65408K, reserved 1105920K
  class space    used 8155K, capacity 8491K, committed 8576K, reserved 1048576K
Event: 47.657 GC heap after
Heap after GC invocations=25 (full 3):
 PSYoungGen      total 288256K, used 26084K [0x00000007a0000000, 0x00000007b6a00000, 0x00000007c0000000)
  eden space 262144K, 0% used [0x00000007a0000000,0x00000007a0000000,0x00000007b0000000)
  from space 26112K, 99% used [0x00000007b2a00000,0x00000007b4379238,0x00000007b4380000)
  to   space 43008K, 0% used [0x00000007b0000000,0x00000007b0000000,0x00000007b2a00000)
 ParOldGen       total 106496K, used 99232K [0x0000000760000000, 0x0000000766800000, 0x00000007a0000000)
  object space 106496K, 93% used [0x0000000760000000,0x00000007660e82b0,0x0000000766800000)
 Metaspace       used 63410K, capacity 65114K, committed 65408K, reserved 1105920K
  class space    used 8155K, capacity 8491K, committed 8576K, reserved 1048576K
}
Event: 47.657 GC heap before
{Heap before GC invocations=26 (full 4):
 PSYoungGen      total 288256K, used 26084K [0x00000007a0000000, 0x00000007b6a00000, 0x00000007c0000000)
  eden space 262144K, 0% used [0x00000007a0000000,0x00000007a0000000,0x00000007b0000000)
  from space 26112K, 99% used [0x00000007b2a00000,0x00000007b4379238,0x00000007b4380000)
  to   space 43008K, 0% used [0x00000007b0000000,0x00000007b0000000,0x00000007b2a00000)
 ParOldGen       total 106496K, used 99232K [0x0000000760000000, 0x0000000766800000, 0x00000007a0000000)
  object space 106496K, 93% used [0x0000000760000000,0x00000007660e82b0,0x0000000766800000)
 Metaspace       used 63410K, capacity 65114K, committed 65408K, reserved 1105920K
  class space    used 8155K, capacity 8491K, committed 8576K, reserved 1048576K

